<?xml version="1.0" encoding="UTF-8"?>
<testsuite xmlns:xsi="http://www.w3.org/2001/XMLSchema-instance" xsi:noNamespaceSchemaLocation="https://maven.apache.org/surefire/maven-surefire-plugin/xsd/surefire-test-report-3.0.xsd" version="3.0" name="TestSuite" time="1.341" tests="1" errors="0" skipped="0" failures="0">
  <properties>
[...]
</properties>
  <testcase name="testGetAllUsers" classname="com.apitest.tests.UsersApiTest" time="0.804">
    <system-out><![CDATA[Fetching base URL for API: jsonplaceholder
Fetching base URL for API: jsonplaceholder
Testing API: https://jsonplaceholder.typicode.com
Fetching base URL for API: jsonplaceholder
JsonPlaceholder URL from config: https://jsonplaceholder.typicode.com
Fetching base URL for API: wiremock
WireMock URL from config: https://jsonplaceholder.typicode.com
Base URL is ***************: https://jsonplaceholder.typicode.com
1
2
3
4
5
6
7
8
9
10
]]></system-out>
  </testcase>
</testsuite>